[ 2017-12-27T09:51:36+08:00 ] 127.0.0.1 /Admin
INFO: [ app_init ] --START--
INFO: Run Behavior\BuildLiteBehavior [ RunTime:0.000000s ]
INFO: [ app_init ] --END-- [ RunTime:0.001000s ]
INFO: [ app_begin ] --START--
INFO: Run Behavior\ReadHtmlCacheBehavior [ RunTime:0.001000s ]
INFO: [ app_begin ] --END-- [ RunTime:0.001000s ]
NOTIC: [8] Undefined index: admin_user D:\phpstudy\WWW\api\App\Admin\Controller\AdminBaseController.class.php 第 10 行.

[ 2017-12-27T09:51:36+08:00 ] 127.0.0.1 /Admin/login/index
INFO: [ app_init ] --START--
INFO: Run Behavior\BuildLiteBehavior [ RunTime:0.000000s ]
INFO: [ app_init ] --END-- [ RunTime:0.000000s ]
INFO: [ app_begin ] --START--
INFO: Run Behavior\ReadHtmlCacheBehavior [ RunTime:0.001000s ]
INFO: [ app_begin ] --END-- [ RunTime:0.001000s ]
INFO: [ view_parse ] --START--
INFO: [ template_filter ] --START--
INFO: Run Behavior\ContentReplaceBehavior [ RunTime:0.000000s ]
INFO: [ template_filter ] --END-- [ RunTime:0.000000s ]
INFO: Run Behavior\ParseTemplateBehavior [ RunTime:0.014001s ]
INFO: [ view_parse ] --END-- [ RunTime:0.014001s ]
INFO: [ view_filter ] --START--
INFO: Run Behavior\WriteHtmlCacheBehavior [ RunTime:0.001000s ]
INFO: [ view_filter ] --END-- [ RunTime:0.001000s ]
INFO: [ app_end ] --START--
INFO: Run Behavior\ShowPageTraceBehavior [ RunTime:0.001000s ]
INFO: [ app_end ] --END-- [ RunTime:0.001000s ]

[ 2017-12-27T09:51:40+08:00 ] 127.0.0.1 /Admin/login/send_login
INFO: [ app_init ] --START--
INFO: Run Behavior\BuildLiteBehavior [ RunTime:0.000000s ]
INFO: [ app_init ] --END-- [ RunTime:0.000000s ]
INFO: [ app_begin ] --START--
INFO: Run Behavior\ReadHtmlCacheBehavior [ RunTime:0.001000s ]
INFO: [ app_begin ] --END-- [ RunTime:0.001000s ]
SQL: SHOW COLUMNS FROM `cp_users` [ RunTime:0.0060s ]
SQL: SELECT * FROM `cp_users` WHERE `uname` = 'admin' AND `user_type` = 1 LIMIT 1   [ RunTime:0.0060s ]
SQL: UPDATE `cp_users` SET `last_login_ip`='127.0.0.1',`last_login_time`='1514339500' WHERE `uname` = 'admin' AND `user_type` = 1 [ RunTime:0.0050s ]

[ 2017-12-27T09:51:41+08:00 ] 127.0.0.1 /Admin
INFO: [ app_init ] --START--
INFO: Run Behavior\BuildLiteBehavior [ RunTime:0.000000s ]
INFO: [ app_init ] --END-- [ RunTime:0.000000s ]
INFO: [ app_begin ] --START--
INFO: Run Behavior\ReadHtmlCacheBehavior [ RunTime:0.001000s ]
INFO: [ app_begin ] --END-- [ RunTime:0.001000s ]
SQL: SHOW COLUMNS FROM `cp_auth_group_access` [ RunTime:0.0050s ]
SQL: SELECT `uid`,`group_id`,`title`,`rules` FROM cp_auth_group_access a INNER JOIN cp_auth_group g on a.group_id=g.id  WHERE ( a.uid='1' and g.status='1' )  [ RunTime:0.0050s ]
SQL: SHOW COLUMNS FROM `cp_auth_rule` [ RunTime:0.0050s ]
SQL: SELECT `condition`,`name` FROM `cp_auth_rule` WHERE `id` IN ('1','2','5','6','7','8','9','10','3','11','12','13','14','15','16','17','18','36','37','38','39','4','19','20','21','22','23','24','25','26','27','28','29','30','31','32','33','34','35','40') AND `status` = 1  [ RunTime:0.0060s ]
SQL: SHOW COLUMNS FROM `cp_auth_group_access` [ RunTime:0.0050s ]
SQL: SELECT `title` FROM cp_auth_group_access aga LEFT JOIN cp_auth_group ag ON aga.group_id=ag.id  WHERE aga.uid = '1' LIMIT 1   [ RunTime:0.0050s ]
SQL: select version() as ver [ RunTime:0.0050s ]
INFO: [ view_parse ] --START--
INFO: [ template_filter ] --START--
INFO: Run Behavior\ContentReplaceBehavior [ RunTime:0.000000s ]
INFO: [ template_filter ] --END-- [ RunTime:0.000000s ]
SQL: SHOW COLUMNS FROM `cp_users` [ RunTime:0.0060s ]
SQL: SELECT * FROM `cp_users` WHERE `uid` = 1 AND `user_type` = 1 LIMIT 1   [ RunTime:0.0060s ]
SQL: SELECT COUNT(*) AS tp_count FROM `cp_users` LIMIT 1   [ RunTime:0.0070s ]
INFO: Run Behavior\ParseTemplateBehavior [ RunTime:0.034001s ]
INFO: [ view_parse ] --END-- [ RunTime:0.034001s ]
INFO: [ view_filter ] --START--
INFO: Run Behavior\WriteHtmlCacheBehavior [ RunTime:0.001001s ]
INFO: [ view_filter ] --END-- [ RunTime:0.001001s ]
INFO: [ app_end ] --START--
INFO: Run Behavior\ShowPageTraceBehavior [ RunTime:0.000000s ]
INFO: [ app_end ] --END-- [ RunTime:0.000000s ]

[ 2017-12-27T09:51:44+08:00 ] 127.0.0.1 /Admin/Web/mailbox
INFO: [ app_init ] --START--
INFO: Run Behavior\BuildLiteBehavior [ RunTime:0.000000s ]
INFO: [ app_init ] --END-- [ RunTime:0.001000s ]
INFO: [ app_begin ] --START--
INFO: Run Behavior\ReadHtmlCacheBehavior [ RunTime:0.001000s ]
INFO: [ app_begin ] --END-- [ RunTime:0.001000s ]
SQL: SHOW COLUMNS FROM `cp_auth_group_access` [ RunTime:0.0050s ]
SQL: SELECT `uid`,`group_id`,`title`,`rules` FROM cp_auth_group_access a INNER JOIN cp_auth_group g on a.group_id=g.id  WHERE ( a.uid='1' and g.status='1' )  [ RunTime:0.0050s ]
SQL: SHOW COLUMNS FROM `cp_auth_rule` [ RunTime:0.0050s ]
SQL: SELECT `condition`,`name` FROM `cp_auth_rule` WHERE `id` IN ('1','2','5','6','7','8','9','10','3','11','12','13','14','15','16','17','18','36','37','38','39','4','19','20','21','22','23','24','25','26','27','28','29','30','31','32','33','34','35','40') AND `status` = 1  [ RunTime:0.0060s ]
SQL: SHOW COLUMNS FROM `cp_options` [ RunTime:0.0050s ]
SQL: SELECT `option_value` FROM `cp_options` WHERE `option_name` = '邮箱配置' LIMIT 1   [ RunTime:0.0050s ]
INFO: [ view_parse ] --START--
INFO: [ template_filter ] --START--
INFO: Run Behavior\ContentReplaceBehavior [ RunTime:0.000000s ]
INFO: [ template_filter ] --END-- [ RunTime:0.000000s ]
INFO: Run Behavior\ParseTemplateBehavior [ RunTime:0.004001s ]
INFO: [ view_parse ] --END-- [ RunTime:0.004001s ]
INFO: [ view_filter ] --START--
INFO: Run Behavior\WriteHtmlCacheBehavior [ RunTime:0.000000s ]
INFO: [ view_filter ] --END-- [ RunTime:0.000000s ]

[ 2017-12-27T09:51:45+08:00 ] 127.0.0.1 /Admin/Web/mailbox_tmp
INFO: [ app_init ] --START--
INFO: Run Behavior\BuildLiteBehavior [ RunTime:0.000000s ]
INFO: [ app_init ] --END-- [ RunTime:0.000000s ]
INFO: [ app_begin ] --START--
INFO: Run Behavior\ReadHtmlCacheBehavior [ RunTime:0.001000s ]
INFO: [ app_begin ] --END-- [ RunTime:0.001000s ]
SQL: SHOW COLUMNS FROM `cp_auth_group_access` [ RunTime:0.0070s ]
SQL: SELECT `uid`,`group_id`,`title`,`rules` FROM cp_auth_group_access a INNER JOIN cp_auth_group g on a.group_id=g.id  WHERE ( a.uid='1' and g.status='1' )  [ RunTime:0.0060s ]
SQL: SHOW COLUMNS FROM `cp_auth_rule` [ RunTime:0.0060s ]
SQL: SELECT `condition`,`name` FROM `cp_auth_rule` WHERE `id` IN ('1','2','5','6','7','8','9','10','3','11','12','13','14','15','16','17','18','36','37','38','39','4','19','20','21','22','23','24','25','26','27','28','29','30','31','32','33','34','35','40') AND `status` = 1  [ RunTime:0.0060s ]
SQL: SHOW COLUMNS FROM `cp_options` [ RunTime:0.0060s ]
SQL: SELECT * FROM `cp_options` WHERE `option_name` = '邮箱模板' LIMIT 1   [ RunTime:0.0060s ]
INFO: [ view_parse ] --START--
INFO: [ template_filter ] --START--
INFO: Run Behavior\ContentReplaceBehavior [ RunTime:0.000000s ]
INFO: [ template_filter ] --END-- [ RunTime:0.000000s ]
INFO: Run Behavior\ParseTemplateBehavior [ RunTime:0.012001s ]
INFO: [ view_parse ] --END-- [ RunTime:0.012001s ]
INFO: [ view_filter ] --START--
INFO: Run Behavior\WriteHtmlCacheBehavior [ RunTime:0.001000s ]
INFO: [ view_filter ] --END-- [ RunTime:0.001000s ]

[ 2017-12-27T09:51:46+08:00 ] 127.0.0.1 /Admin/Web/web_info
INFO: [ app_init ] --START--
INFO: Run Behavior\BuildLiteBehavior [ RunTime:0.000000s ]
INFO: [ app_init ] --END-- [ RunTime:0.001000s ]
INFO: [ app_begin ] --START--
INFO: Run Behavior\ReadHtmlCacheBehavior [ RunTime:0.001000s ]
INFO: [ app_begin ] --END-- [ RunTime:0.001000s ]
SQL: SHOW COLUMNS FROM `cp_auth_group_access` [ RunTime:0.0050s ]
SQL: SELECT `uid`,`group_id`,`title`,`rules` FROM cp_auth_group_access a INNER JOIN cp_auth_group g on a.group_id=g.id  WHERE ( a.uid='1' and g.status='1' )  [ RunTime:0.0050s ]
SQL: SHOW COLUMNS FROM `cp_auth_rule` [ RunTime:0.0050s ]
SQL: SELECT `condition`,`name` FROM `cp_auth_rule` WHERE `id` IN ('1','2','5','6','7','8','9','10','3','11','12','13','14','15','16','17','18','36','37','38','39','4','19','20','21','22','23','24','25','26','27','28','29','30','31','32','33','34','35','40') AND `status` = 1  [ RunTime:0.0050s ]
INFO: [ view_parse ] --START--
INFO: [ template_filter ] --START--
INFO: Run Behavior\ContentReplaceBehavior [ RunTime:0.000000s ]
INFO: [ template_filter ] --END-- [ RunTime:0.000000s ]
INFO: Run Behavior\ParseTemplateBehavior [ RunTime:0.026001s ]
INFO: [ view_parse ] --END-- [ RunTime:0.026001s ]
INFO: [ view_filter ] --START--
INFO: Run Behavior\WriteHtmlCacheBehavior [ RunTime:0.001000s ]
INFO: [ view_filter ] --END-- [ RunTime:0.001000s ]

[ 2017-12-27T09:51:49+08:00 ] 127.0.0.1 /Admin/Web/future
INFO: [ app_init ] --START--
INFO: Run Behavior\BuildLiteBehavior [ RunTime:0.000000s ]
INFO: [ app_init ] --END-- [ RunTime:0.001001s ]
INFO: [ app_begin ] --START--
INFO: Run Behavior\ReadHtmlCacheBehavior [ RunTime:0.000000s ]
INFO: [ app_begin ] --END-- [ RunTime:0.000000s ]
SQL: SHOW COLUMNS FROM `cp_auth_group_access` [ RunTime:0.0050s ]
SQL: SELECT `uid`,`group_id`,`title`,`rules` FROM cp_auth_group_access a INNER JOIN cp_auth_group g on a.group_id=g.id  WHERE ( a.uid='1' and g.status='1' )  [ RunTime:0.0050s ]
SQL: SHOW COLUMNS FROM `cp_auth_rule` [ RunTime:0.0050s ]
SQL: SELECT `condition`,`name` FROM `cp_auth_rule` WHERE `id` IN ('1','2','5','6','7','8','9','10','3','11','12','13','14','15','16','17','18','36','37','38','39','4','19','20','21','22','23','24','25','26','27','28','29','30','31','32','33','34','35','40') AND `status` = 1  [ RunTime:0.0060s ]
INFO: [ view_parse ] --START--
INFO: [ template_filter ] --START--
INFO: Run Behavior\ContentReplaceBehavior [ RunTime:0.001000s ]
INFO: [ template_filter ] --END-- [ RunTime:0.001000s ]
INFO: Run Behavior\ParseTemplateBehavior [ RunTime:0.020002s ]
INFO: [ view_parse ] --END-- [ RunTime:0.020002s ]
INFO: [ view_filter ] --START--
INFO: Run Behavior\WriteHtmlCacheBehavior [ RunTime:0.001000s ]
INFO: [ view_filter ] --END-- [ RunTime:0.001000s ]

[ 2017-12-27T09:51:53+08:00 ] 127.0.0.1 /Admin/Contents/comment
INFO: [ app_init ] --START--
INFO: Run Behavior\BuildLiteBehavior [ RunTime:0.000000s ]
INFO: [ app_init ] --END-- [ RunTime:0.001000s ]
INFO: [ app_begin ] --START--
INFO: Run Behavior\ReadHtmlCacheBehavior [ RunTime:0.001000s ]
INFO: [ app_begin ] --END-- [ RunTime:0.002000s ]
SQL: SHOW COLUMNS FROM `cp_auth_group_access` [ RunTime:0.0050s ]
SQL: SELECT `uid`,`group_id`,`title`,`rules` FROM cp_auth_group_access a INNER JOIN cp_auth_group g on a.group_id=g.id  WHERE ( a.uid='1' and g.status='1' )  [ RunTime:0.0050s ]
SQL: SHOW COLUMNS FROM `cp_auth_rule` [ RunTime:0.0050s ]
SQL: SELECT `condition`,`name` FROM `cp_auth_rule` WHERE `id` IN ('1','2','5','6','7','8','9','10','3','11','12','13','14','15','16','17','18','36','37','38','39','4','19','20','21','22','23','24','25','26','27','28','29','30','31','32','33','34','35','40') AND `status` = 1  [ RunTime:0.0060s ]
SQL: SHOW COLUMNS FROM `cp_comments` [ RunTime:0.0050s ]
SQL: SELECT COUNT(*) AS tp_count FROM `cp_comments` WHERE `status` = 1 LIMIT 1   [ RunTime:0.0050s ]
SQL: SELECT * FROM `cp_comments` WHERE `status` = 1 ORDER BY  id DESC LIMIT 0,5   [ RunTime:0.0050s ]
INFO: [ view_parse ] --START--
INFO: [ template_filter ] --START--
INFO: Run Behavior\ContentReplaceBehavior [ RunTime:0.000000s ]
INFO: [ template_filter ] --END-- [ RunTime:0.000000s ]
INFO: Run Behavior\ParseTemplateBehavior [ RunTime:0.018001s ]
INFO: [ view_parse ] --END-- [ RunTime:0.018001s ]
INFO: [ view_filter ] --START--
INFO: Run Behavior\WriteHtmlCacheBehavior [ RunTime:0.001000s ]
INFO: [ view_filter ] --END-- [ RunTime:0.001000s ]

[ 2017-12-27T09:51:54+08:00 ] 127.0.0.1 /Admin/Contents/article
INFO: [ app_init ] --START--
INFO: Run Behavior\BuildLiteBehavior [ RunTime:0.000000s ]
INFO: [ app_init ] --END-- [ RunTime:0.001000s ]
INFO: [ app_begin ] --START--
INFO: Run Behavior\ReadHtmlCacheBehavior [ RunTime:0.001000s ]
INFO: [ app_begin ] --END-- [ RunTime:0.001000s ]
SQL: SHOW COLUMNS FROM `cp_auth_group_access` [ RunTime:0.0050s ]
SQL: SELECT `uid`,`group_id`,`title`,`rules` FROM cp_auth_group_access a INNER JOIN cp_auth_group g on a.group_id=g.id  WHERE ( a.uid='1' and g.status='1' )  [ RunTime:0.0050s ]
SQL: SHOW COLUMNS FROM `cp_auth_rule` [ RunTime:0.0060s ]
SQL: SELECT `condition`,`name` FROM `cp_auth_rule` WHERE `id` IN ('1','2','5','6','7','8','9','10','3','11','12','13','14','15','16','17','18','36','37','38','39','4','19','20','21','22','23','24','25','26','27','28','29','30','31','32','33','34','35','40') AND `status` = 1  [ RunTime:0.0060s ]
SQL: SHOW COLUMNS FROM `cp_article` [ RunTime:0.0060s ]
SQL: SELECT COUNT(*) AS tp_count FROM `cp_article` WHERE `is_recycle` = 0 LIMIT 1   [ RunTime:0.0050s ]
SQL: SELECT * FROM `cp_article` WHERE `is_recycle` = 0 ORDER BY  hits DESC LIMIT 0,5   [ RunTime:0.0070s ]
SQL: SHOW COLUMNS FROM `cp_category` [ RunTime:0.0050s ]
SQL: SELECT `name` FROM `cp_category` WHERE `cid` = 5 LIMIT 1   [ RunTime:0.0050s ]
SQL: SHOW COLUMNS FROM `cp_article_tags` [ RunTime:0.0050s ]
SQL: SELECT t.tname,t.tid FROM cp_article_tags a INNER JOIN cp_tags t ON t.tid = a.cp_tags_tid  WHERE `cp_article_aid` = '15' LIMIT 1   [ RunTime:0.0050s ]
SQL: SHOW COLUMNS FROM `cp_users` [ RunTime:0.0060s ]
SQL: SELECT `nickname` FROM `cp_users` WHERE `uid` = 1 LIMIT 1   [ RunTime:0.0050s ]
SQL: SHOW COLUMNS FROM `cp_comments` [ RunTime:0.0060s ]
SQL: SELECT COUNT(*) AS tp_count FROM `cp_comments` WHERE `aid` = 15 LIMIT 1   [ RunTime:0.0050s ]
INFO: [ view_parse ] --START--
INFO: [ template_filter ] --START--
INFO: Run Behavior\ContentReplaceBehavior [ RunTime:0.001000s ]
INFO: [ template_filter ] --END-- [ RunTime:0.001000s ]
INFO: Run Behavior\ParseTemplateBehavior [ RunTime:0.021001s ]
INFO: [ view_parse ] --END-- [ RunTime:0.021001s ]
INFO: [ view_filter ] --START--
INFO: Run Behavior\WriteHtmlCacheBehavior [ RunTime:0.001000s ]
INFO: [ view_filter ] --END-- [ RunTime:0.001000s ]

[ 2017-12-27T09:51:56+08:00 ] 127.0.0.1 /Admin/Contents/category
INFO: [ app_init ] --START--
INFO: Run Behavior\BuildLiteBehavior [ RunTime:0.000000s ]
INFO: [ app_init ] --END-- [ RunTime:0.001000s ]
INFO: [ app_begin ] --START--
INFO: Run Behavior\ReadHtmlCacheBehavior [ RunTime:0.001000s ]
INFO: [ app_begin ] --END-- [ RunTime:0.001000s ]
SQL: SHOW COLUMNS FROM `cp_auth_group_access` [ RunTime:0.0060s ]
SQL: SELECT `uid`,`group_id`,`title`,`rules` FROM cp_auth_group_access a INNER JOIN cp_auth_group g on a.group_id=g.id  WHERE ( a.uid='1' and g.status='1' )  [ RunTime:0.0050s ]
SQL: SHOW COLUMNS FROM `cp_auth_rule` [ RunTime:0.0060s ]
SQL: SELECT `condition`,`name` FROM `cp_auth_rule` WHERE `id` IN ('1','2','5','6','7','8','9','10','3','11','12','13','14','15','16','17','18','36','37','38','39','4','19','20','21','22','23','24','25','26','27','28','29','30','31','32','33','34','35','40') AND `status` = 1  [ RunTime:0.0060s ]
SQL: SHOW COLUMNS FROM `cp_category` [ RunTime:0.0050s ]
SQL: SELECT COUNT(*) AS tp_count FROM `cp_category` LIMIT 1   [ RunTime:0.0050s ]
SQL: SELECT * FROM `cp_category` ORDER BY cid ASC LIMIT 0,5   [ RunTime:0.0060s ]
SQL: SHOW COLUMNS FROM `cp_article` [ RunTime:0.0060s ]
SQL: SELECT COUNT(*) AS tp_count FROM `cp_article` WHERE `cid` = 5 LIMIT 1   [ RunTime:0.0060s ]
INFO: [ view_parse ] --START--
INFO: [ template_filter ] --START--
INFO: Run Behavior\ContentReplaceBehavior [ RunTime:0.000000s ]
INFO: [ template_filter ] --END-- [ RunTime:0.000000s ]
INFO: Run Behavior\ParseTemplateBehavior [ RunTime:0.005000s ]
INFO: [ view_parse ] --END-- [ RunTime:0.005000s ]
INFO: [ view_filter ] --START--
INFO: Run Behavior\WriteHtmlCacheBehavior [ RunTime:0.001001s ]
INFO: [ view_filter ] --END-- [ RunTime:0.001001s ]

[ 2017-12-27T09:51:58+08:00 ] 127.0.0.1 /Admin/Contents/tags
INFO: [ app_init ] --START--
INFO: Run Behavior\BuildLiteBehavior [ RunTime:0.000000s ]
INFO: [ app_init ] --END-- [ RunTime:0.000000s ]
INFO: [ app_begin ] --START--
INFO: Run Behavior\ReadHtmlCacheBehavior [ RunTime:0.001000s ]
INFO: [ app_begin ] --END-- [ RunTime:0.001000s ]
SQL: SHOW COLUMNS FROM `cp_auth_group_access` [ RunTime:0.0050s ]
SQL: SELECT `uid`,`group_id`,`title`,`rules` FROM cp_auth_group_access a INNER JOIN cp_auth_group g on a.group_id=g.id  WHERE ( a.uid='1' and g.status='1' )  [ RunTime:0.0050s ]
SQL: SHOW COLUMNS FROM `cp_auth_rule` [ RunTime:0.0050s ]
SQL: SELECT `condition`,`name` FROM `cp_auth_rule` WHERE `id` IN ('1','2','5','6','7','8','9','10','3','11','12','13','14','15','16','17','18','36','37','38','39','4','19','20','21','22','23','24','25','26','27','28','29','30','31','32','33','34','35','40') AND `status` = 1  [ RunTime:0.0050s ]
SQL: SHOW COLUMNS FROM `cp_tags` [ RunTime:0.0050s ]
SQL: SELECT COUNT(*) AS tp_count FROM `cp_tags` LIMIT 1   [ RunTime:0.0050s ]
SQL: SELECT * FROM `cp_tags` ORDER BY tid ASC LIMIT 0,5   [ RunTime:0.0050s ]
INFO: [ view_parse ] --START--
INFO: [ template_filter ] --START--
INFO: Run Behavior\ContentReplaceBehavior [ RunTime:0.000000s ]
INFO: [ template_filter ] --END-- [ RunTime:0.000000s ]
INFO: Run Behavior\ParseTemplateBehavior [ RunTime:0.006000s ]
INFO: [ view_parse ] --END-- [ RunTime:0.006000s ]
INFO: [ view_filter ] --START--
INFO: Run Behavior\WriteHtmlCacheBehavior [ RunTime:0.000000s ]
INFO: [ view_filter ] --END-- [ RunTime:0.000000s ]

[ 2017-12-27T09:51:58+08:00 ] 127.0.0.1 /Admin/Contents/add_tags
INFO: [ app_init ] --START--
INFO: Run Behavior\BuildLiteBehavior [ RunTime:0.000000s ]
INFO: [ app_init ] --END-- [ RunTime:0.000000s ]
INFO: [ app_begin ] --START--
INFO: Run Behavior\ReadHtmlCacheBehavior [ RunTime:0.000000s ]
INFO: [ app_begin ] --END-- [ RunTime:0.000000s ]
SQL: SHOW COLUMNS FROM `cp_auth_group_access` [ RunTime:0.0050s ]
SQL: SELECT `uid`,`group_id`,`title`,`rules` FROM cp_auth_group_access a INNER JOIN cp_auth_group g on a.group_id=g.id  WHERE ( a.uid='1' and g.status='1' )  [ RunTime:0.0050s ]
SQL: SHOW COLUMNS FROM `cp_auth_rule` [ RunTime:0.0050s ]
SQL: SELECT `condition`,`name` FROM `cp_auth_rule` WHERE `id` IN ('1','2','5','6','7','8','9','10','3','11','12','13','14','15','16','17','18','36','37','38','39','4','19','20','21','22','23','24','25','26','27','28','29','30','31','32','33','34','35','40') AND `status` = 1  [ RunTime:0.0060s ]
SQL: SHOW COLUMNS FROM `cp_users` [ RunTime:0.0050s ]
SQL: SHOW COLUMNS FROM `cp_tags` [ RunTime:0.0060s ]
INFO: [ view_parse ] --START--
INFO: [ template_filter ] --START--
INFO: Run Behavior\ContentReplaceBehavior [ RunTime:0.000000s ]
INFO: [ template_filter ] --END-- [ RunTime:0.000000s ]
INFO: Run Behavior\ParseTemplateBehavior [ RunTime:0.015001s ]
INFO: [ view_parse ] --END-- [ RunTime:0.015001s ]
INFO: [ view_filter ] --START--
INFO: Run Behavior\WriteHtmlCacheBehavior [ RunTime:0.001000s ]
INFO: [ view_filter ] --END-- [ RunTime:0.001000s ]

[ 2017-12-27T09:52:03+08:00 ] 127.0.0.1 /Admin/Users/editFace
INFO: [ app_init ] --START--
INFO: Run Behavior\BuildLiteBehavior [ RunTime:0.000000s ]
INFO: [ app_init ] --END-- [ RunTime:0.001000s ]
INFO: [ app_begin ] --START--
INFO: Run Behavior\ReadHtmlCacheBehavior [ RunTime:0.000000s ]
INFO: [ app_begin ] --END-- [ RunTime:0.000000s ]
SQL: SHOW COLUMNS FROM `cp_auth_group_access` [ RunTime:0.0060s ]
SQL: SELECT `uid`,`group_id`,`title`,`rules` FROM cp_auth_group_access a INNER JOIN cp_auth_group g on a.group_id=g.id  WHERE ( a.uid='1' and g.status='1' )  [ RunTime:0.0060s ]
SQL: SHOW COLUMNS FROM `cp_auth_rule` [ RunTime:0.0060s ]
SQL: SELECT `condition`,`name` FROM `cp_auth_rule` WHERE `id` IN ('1','2','5','6','7','8','9','10','3','11','12','13','14','15','16','17','18','36','37','38','39','4','19','20','21','22','23','24','25','26','27','28','29','30','31','32','33','34','35','40') AND `status` = 1  [ RunTime:0.0060s ]
INFO: [ view_parse ] --START--
INFO: [ template_filter ] --START--
INFO: Run Behavior\ContentReplaceBehavior [ RunTime:0.000000s ]
INFO: [ template_filter ] --END-- [ RunTime:0.000000s ]
NOTIC: [8] Use of undefined constant session - assumed 'session' D:\phpstudy\WWW\api\Runtime\Cache\Admin\6c94cb95f2a1f15f1e2abf611a4ec209.php 第 43 行.
NOTIC: [8] Undefined variable: Think D:\phpstudy\WWW\api\Runtime\Cache\Admin\6c94cb95f2a1f15f1e2abf611a4ec209.php 第 43 行.
NOTIC: [8] Use of undefined constant admin_user - assumed 'admin_user' D:\phpstudy\WWW\api\Runtime\Cache\Admin\6c94cb95f2a1f15f1e2abf611a4ec209.php 第 43 行.
NOTIC: [8] Use of undefined constant face - assumed 'face' D:\phpstudy\WWW\api\Runtime\Cache\Admin\6c94cb95f2a1f15f1e2abf611a4ec209.php 第 43 行.
INFO: Run Behavior\ParseTemplateBehavior [ RunTime:0.017001s ]
INFO: [ view_parse ] --END-- [ RunTime:0.017001s ]
INFO: [ view_filter ] --START--
INFO: Run Behavior\WriteHtmlCacheBehavior [ RunTime:0.001000s ]
INFO: [ view_filter ] --END-- [ RunTime:0.001000s ]

[ 2017-12-27T09:52:07+08:00 ] 127.0.0.1 /Admin/Article/del_uploadImg
INFO: [ app_init ] --START--
INFO: Run Behavior\BuildLiteBehavior [ RunTime:0.000000s ]
INFO: [ app_init ] --END-- [ RunTime:0.001000s ]
INFO: [ app_begin ] --START--
INFO: Run Behavior\ReadHtmlCacheBehavior [ RunTime:0.001000s ]
INFO: [ app_begin ] --END-- [ RunTime:0.001000s ]
SQL: SHOW COLUMNS FROM `cp_auth_group_access` [ RunTime:0.0060s ]
SQL: SELECT `uid`,`group_id`,`title`,`rules` FROM cp_auth_group_access a INNER JOIN cp_auth_group g on a.group_id=g.id  WHERE ( a.uid='1' and g.status='1' )  [ RunTime:0.0050s ]
SQL: SHOW COLUMNS FROM `cp_auth_rule` [ RunTime:0.0060s ]
SQL: SELECT `condition`,`name` FROM `cp_auth_rule` WHERE `id` IN ('1','2','5','6','7','8','9','10','3','11','12','13','14','15','16','17','18','36','37','38','39','4','19','20','21','22','23','24','25','26','27','28','29','30','31','32','33','34','35','40') AND `status` = 1  [ RunTime:0.0060s ]

[ 2017-12-27T09:53:11+08:00 ] 127.0.0.1 /Admin/Users/send_FaceUpload
INFO: [ app_init ] --START--
INFO: Run Behavior\BuildLiteBehavior [ RunTime:0.000000s ]
INFO: [ app_init ] --END-- [ RunTime:0.000000s ]
INFO: [ app_begin ] --START--
INFO: Run Behavior\ReadHtmlCacheBehavior [ RunTime:0.000000s ]
INFO: [ app_begin ] --END-- [ RunTime:0.000000s ]
SQL: SHOW COLUMNS FROM `cp_auth_group_access` [ RunTime:0.0290s ]
SQL: SELECT `uid`,`group_id`,`title`,`rules` FROM cp_auth_group_access a INNER JOIN cp_auth_group g on a.group_id=g.id  WHERE ( a.uid='1' and g.status='1' )  [ RunTime:0.0140s ]
SQL: SHOW COLUMNS FROM `cp_auth_rule` [ RunTime:0.0210s ]
SQL: SELECT `condition`,`name` FROM `cp_auth_rule` WHERE `id` IN ('1','2','5','6','7','8','9','10','3','11','12','13','14','15','16','17','18','36','37','38','39','4','19','20','21','22','23','24','25','26','27','28','29','30','31','32','33','34','35','40') AND `status` = 1  [ RunTime:0.0090s ]
NOTIC: [2] call_user_func() expects parameter 1 to be a valid callback, no array or string given D:\phpstudy\WWW\api\ThinkPHP\Library\Think\Upload.class.php 第 170 行.
SQL: SHOW COLUMNS FROM `cp_users` [ RunTime:0.0100s ]
SQL: UPDATE `cp_users` SET `face`='/Uploads/Face/2017-12-27/face_20171227095311.jpg' WHERE `uid` = 1 AND `user_type` = 1 [ RunTime:0.0050s ]

[ 2017-12-27T09:53:13+08:00 ] 127.0.0.1 /Admin/Article/del_uploadImg
INFO: [ app_init ] --START--
INFO: Run Behavior\BuildLiteBehavior [ RunTime:0.000000s ]
INFO: [ app_init ] --END-- [ RunTime:0.000000s ]
INFO: [ app_begin ] --START--
INFO: Run Behavior\ReadHtmlCacheBehavior [ RunTime:0.001000s ]
INFO: [ app_begin ] --END-- [ RunTime:0.001000s ]
SQL: SHOW COLUMNS FROM `cp_auth_group_access` [ RunTime:0.0050s ]
SQL: SELECT `uid`,`group_id`,`title`,`rules` FROM cp_auth_group_access a INNER JOIN cp_auth_group g on a.group_id=g.id  WHERE ( a.uid='1' and g.status='1' )  [ RunTime:0.0050s ]
SQL: SHOW COLUMNS FROM `cp_auth_rule` [ RunTime:0.0050s ]
SQL: SELECT `condition`,`name` FROM `cp_auth_rule` WHERE `id` IN ('1','2','5','6','7','8','9','10','3','11','12','13','14','15','16','17','18','36','37','38','39','4','19','20','21','22','23','24','25','26','27','28','29','30','31','32','33','34','35','40') AND `status` = 1  [ RunTime:0.0050s ]

[ 2017-12-27T09:53:49+08:00 ] 127.0.0.1 /Admin/Users/send_FaceUpload
INFO: [ app_init ] --START--
INFO: Run Behavior\BuildLiteBehavior [ RunTime:0.000000s ]
INFO: [ app_init ] --END-- [ RunTime:0.001000s ]
INFO: [ app_begin ] --START--
INFO: Run Behavior\ReadHtmlCacheBehavior [ RunTime:0.001000s ]
INFO: [ app_begin ] --END-- [ RunTime:0.001000s ]
SQL: SHOW COLUMNS FROM `cp_auth_group_access` [ RunTime:0.0050s ]
SQL: SELECT `uid`,`group_id`,`title`,`rules` FROM cp_auth_group_access a INNER JOIN cp_auth_group g on a.group_id=g.id  WHERE ( a.uid='1' and g.status='1' )  [ RunTime:0.0050s ]
SQL: SHOW COLUMNS FROM `cp_auth_rule` [ RunTime:0.0050s ]
SQL: SELECT `condition`,`name` FROM `cp_auth_rule` WHERE `id` IN ('1','2','5','6','7','8','9','10','3','11','12','13','14','15','16','17','18','36','37','38','39','4','19','20','21','22','23','24','25','26','27','28','29','30','31','32','33','34','35','40') AND `status` = 1  [ RunTime:0.0050s ]
NOTIC: [2] call_user_func() expects parameter 1 to be a valid callback, no array or string given D:\phpstudy\WWW\api\ThinkPHP\Library\Think\Upload.class.php 第 170 行.
SQL: SHOW COLUMNS FROM `cp_users` [ RunTime:0.0060s ]
SQL: UPDATE `cp_users` SET `face`='/Uploads/Face/2017-12-27/face_20171227095349.jpg' WHERE `uid` = 1 AND `user_type` = 1 [ RunTime:0.0050s ]

[ 2017-12-27T09:53:54+08:00 ] 127.0.0.1 /Admin/Users/editPassword
INFO: [ app_init ] --START--
INFO: Run Behavior\BuildLiteBehavior [ RunTime:0.000000s ]
INFO: [ app_init ] --END-- [ RunTime:0.000000s ]
INFO: [ app_begin ] --START--
INFO: Run Behavior\ReadHtmlCacheBehavior [ RunTime:0.000000s ]
INFO: [ app_begin ] --END-- [ RunTime:0.000000s ]
SQL: SHOW COLUMNS FROM `cp_auth_group_access` [ RunTime:0.0050s ]
SQL: SELECT `uid`,`group_id`,`title`,`rules` FROM cp_auth_group_access a INNER JOIN cp_auth_group g on a.group_id=g.id  WHERE ( a.uid='1' and g.status='1' )  [ RunTime:0.0040s ]
SQL: SHOW COLUMNS FROM `cp_auth_rule` [ RunTime:0.0060s ]
SQL: SELECT `condition`,`name` FROM `cp_auth_rule` WHERE `id` IN ('1','2','5','6','7','8','9','10','3','11','12','13','14','15','16','17','18','36','37','38','39','4','19','20','21','22','23','24','25','26','27','28','29','30','31','32','33','34','35','40') AND `status` = 1  [ RunTime:0.0050s ]
INFO: [ view_parse ] --START--
INFO: [ template_filter ] --START--
INFO: Run Behavior\ContentReplaceBehavior [ RunTime:0.000000s ]
INFO: [ template_filter ] --END-- [ RunTime:0.000000s ]
INFO: Run Behavior\ParseTemplateBehavior [ RunTime:0.011001s ]
INFO: [ view_parse ] --END-- [ RunTime:0.011001s ]
INFO: [ view_filter ] --START--
INFO: Run Behavior\WriteHtmlCacheBehavior [ RunTime:0.001000s ]
INFO: [ view_filter ] --END-- [ RunTime:0.001000s ]

[ 2017-12-27T09:55:20+08:00 ] 127.0.0.1 /Admin/Article/del_uploadImg
INFO: [ app_init ] --START--
INFO: Run Behavior\BuildLiteBehavior [ RunTime:0.000000s ]
INFO: [ app_init ] --END-- [ RunTime:0.001000s ]
INFO: [ app_begin ] --START--
INFO: Run Behavior\ReadHtmlCacheBehavior [ RunTime:0.001000s ]
INFO: [ app_begin ] --END-- [ RunTime:0.001000s ]
SQL: SHOW COLUMNS FROM `cp_auth_group_access` [ RunTime:0.0060s ]
SQL: SELECT `uid`,`group_id`,`title`,`rules` FROM cp_auth_group_access a INNER JOIN cp_auth_group g on a.group_id=g.id  WHERE ( a.uid='1' and g.status='1' )  [ RunTime:0.0060s ]
SQL: SHOW COLUMNS FROM `cp_auth_rule` [ RunTime:0.0060s ]
SQL: SELECT `condition`,`name` FROM `cp_auth_rule` WHERE `id` IN ('1','2','5','6','7','8','9','10','3','11','12','13','14','15','16','17','18','36','37','38','39','4','19','20','21','22','23','24','25','26','27','28','29','30','31','32','33','34','35','40') AND `status` = 1  [ RunTime:0.0060s ]
NOTIC: [2] unlink(Uploads/Face/2017-12-26/face_20171226150135.png): No such file or directory D:\phpstudy\WWW\api\App\Admin\Controller\ArticleController.class.php 第 71 行.

[ 2017-12-27T09:55:25+08:00 ] 127.0.0.1 /Admin/Users/editFace
INFO: [ app_init ] --START--
INFO: Run Behavior\BuildLiteBehavior [ RunTime:0.000000s ]
INFO: [ app_init ] --END-- [ RunTime:0.000000s ]
INFO: [ app_begin ] --START--
INFO: Run Behavior\ReadHtmlCacheBehavior [ RunTime:0.001000s ]
INFO: [ app_begin ] --END-- [ RunTime:0.001000s ]
SQL: SHOW COLUMNS FROM `cp_auth_group_access` [ RunTime:0.0050s ]
SQL: SELECT `uid`,`group_id`,`title`,`rules` FROM cp_auth_group_access a INNER JOIN cp_auth_group g on a.group_id=g.id  WHERE ( a.uid='1' and g.status='1' )  [ RunTime:0.0050s ]
SQL: SHOW COLUMNS FROM `cp_auth_rule` [ RunTime:0.0050s ]
SQL: SELECT `condition`,`name` FROM `cp_auth_rule` WHERE `id` IN ('1','2','5','6','7','8','9','10','3','11','12','13','14','15','16','17','18','36','37','38','39','4','19','20','21','22','23','24','25','26','27','28','29','30','31','32','33','34','35','40') AND `status` = 1  [ RunTime:0.0050s ]
INFO: [ view_parse ] --START--
INFO: [ template_filter ] --START--
INFO: Run Behavior\ContentReplaceBehavior [ RunTime:0.000000s ]
INFO: [ template_filter ] --END-- [ RunTime:0.001000s ]
NOTIC: [8] Use of undefined constant session - assumed 'session' D:\phpstudy\WWW\api\Runtime\Cache\Admin\6c94cb95f2a1f15f1e2abf611a4ec209.php 第 299 行.
NOTIC: [8] Undefined variable: Think D:\phpstudy\WWW\api\Runtime\Cache\Admin\6c94cb95f2a1f15f1e2abf611a4ec209.php 第 299 行.
NOTIC: [8] Use of undefined constant admin_user - assumed 'admin_user' D:\phpstudy\WWW\api\Runtime\Cache\Admin\6c94cb95f2a1f15f1e2abf611a4ec209.php 第 299 行.
NOTIC: [8] Use of undefined constant face - assumed 'face' D:\phpstudy\WWW\api\Runtime\Cache\Admin\6c94cb95f2a1f15f1e2abf611a4ec209.php 第 299 行.
INFO: Run Behavior\ParseTemplateBehavior [ RunTime:0.026002s ]
INFO: [ view_parse ] --END-- [ RunTime:0.027002s ]
INFO: [ view_filter ] --START--
INFO: Run Behavior\WriteHtmlCacheBehavior [ RunTime:0.001000s ]
INFO: [ view_filter ] --END-- [ RunTime:0.001000s ]
INFO: [ app_end ] --START--
INFO: Run Behavior\ShowPageTraceBehavior [ RunTime:0.002000s ]
INFO: [ app_end ] --END-- [ RunTime:0.002000s ]

[ 2017-12-27T09:55:26+08:00 ] 127.0.0.1 /Admin/Article/del_uploadImg
INFO: [ app_init ] --START--
INFO: Run Behavior\BuildLiteBehavior [ RunTime:0.000000s ]
INFO: [ app_init ] --END-- [ RunTime:0.000000s ]
INFO: [ app_begin ] --START--
INFO: Run Behavior\ReadHtmlCacheBehavior [ RunTime:0.000000s ]
INFO: [ app_begin ] --END-- [ RunTime:0.000000s ]
SQL: SHOW COLUMNS FROM `cp_auth_group_access` [ RunTime:0.0050s ]
SQL: SELECT `uid`,`group_id`,`title`,`rules` FROM cp_auth_group_access a INNER JOIN cp_auth_group g on a.group_id=g.id  WHERE ( a.uid='1' and g.status='1' )  [ RunTime:0.0060s ]
SQL: SHOW COLUMNS FROM `cp_auth_rule` [ RunTime:0.0050s ]
SQL: SELECT `condition`,`name` FROM `cp_auth_rule` WHERE `id` IN ('1','2','5','6','7','8','9','10','3','11','12','13','14','15','16','17','18','36','37','38','39','4','19','20','21','22','23','24','25','26','27','28','29','30','31','32','33','34','35','40') AND `status` = 1  [ RunTime:0.0050s ]

[ 2017-12-27T09:55:35+08:00 ] 127.0.0.1 /Admin/Users/send_FaceUpload
INFO: [ app_init ] --START--
INFO: Run Behavior\BuildLiteBehavior [ RunTime:0.000000s ]
INFO: [ app_init ] --END-- [ RunTime:0.000000s ]
INFO: [ app_begin ] --START--
INFO: Run Behavior\ReadHtmlCacheBehavior [ RunTime:0.001000s ]
INFO: [ app_begin ] --END-- [ RunTime:0.001000s ]
SQL: SHOW COLUMNS FROM `cp_auth_group_access` [ RunTime:0.0060s ]
SQL: SELECT `uid`,`group_id`,`title`,`rules` FROM cp_auth_group_access a INNER JOIN cp_auth_group g on a.group_id=g.id  WHERE ( a.uid='1' and g.status='1' )  [ RunTime:0.0050s ]
SQL: SHOW COLUMNS FROM `cp_auth_rule` [ RunTime:0.0060s ]
SQL: SELECT `condition`,`name` FROM `cp_auth_rule` WHERE `id` IN ('1','2','5','6','7','8','9','10','3','11','12','13','14','15','16','17','18','36','37','38','39','4','19','20','21','22','23','24','25','26','27','28','29','30','31','32','33','34','35','40') AND `status` = 1  [ RunTime:0.0060s ]
NOTIC: [2] call_user_func() expects parameter 1 to be a valid callback, no array or string given D:\phpstudy\WWW\api\ThinkPHP\Library\Think\Upload.class.php 第 170 行.
SQL: SHOW COLUMNS FROM `cp_users` [ RunTime:0.0060s ]
SQL: UPDATE `cp_users` SET `face`='/Uploads/Face/2017-12-27/face_20171227095535.jpg' WHERE `uid` = 1 AND `user_type` = 1 [ RunTime:0.0050s ]

[ 2017-12-27T09:55:37+08:00 ] 127.0.0.1 /Admin/Users/editPassword
INFO: [ app_init ] --START--
INFO: Run Behavior\BuildLiteBehavior [ RunTime:0.000000s ]
INFO: [ app_init ] --END-- [ RunTime:0.000000s ]
INFO: [ app_begin ] --START--
INFO: Run Behavior\ReadHtmlCacheBehavior [ RunTime:0.001000s ]
INFO: [ app_begin ] --END-- [ RunTime:0.001000s ]
SQL: SHOW COLUMNS FROM `cp_auth_group_access` [ RunTime:0.0060s ]
SQL: SELECT `uid`,`group_id`,`title`,`rules` FROM cp_auth_group_access a INNER JOIN cp_auth_group g on a.group_id=g.id  WHERE ( a.uid='1' and g.status='1' )  [ RunTime:0.0060s ]
SQL: SHOW COLUMNS FROM `cp_auth_rule` [ RunTime:0.0060s ]
SQL: SELECT `condition`,`name` FROM `cp_auth_rule` WHERE `id` IN ('1','2','5','6','7','8','9','10','3','11','12','13','14','15','16','17','18','36','37','38','39','4','19','20','21','22','23','24','25','26','27','28','29','30','31','32','33','34','35','40') AND `status` = 1  [ RunTime:0.0060s ]
INFO: [ view_parse ] --START--
INFO: [ template_filter ] --START--
INFO: Run Behavior\ContentReplaceBehavior [ RunTime:0.000000s ]
INFO: [ template_filter ] --END-- [ RunTime:0.000000s ]
INFO: Run Behavior\ParseTemplateBehavior [ RunTime:0.016001s ]
INFO: [ view_parse ] --END-- [ RunTime:0.016001s ]
INFO: [ view_filter ] --START--
INFO: Run Behavior\WriteHtmlCacheBehavior [ RunTime:0.001000s ]
INFO: [ view_filter ] --END-- [ RunTime:0.001000s ]

[ 2017-12-27T09:55:38+08:00 ] 127.0.0.1 /Admin/Users/editFace
INFO: [ app_init ] --START--
INFO: Run Behavior\BuildLiteBehavior [ RunTime:0.000000s ]
INFO: [ app_init ] --END-- [ RunTime:0.000000s ]
INFO: [ app_begin ] --START--
INFO: Run Behavior\ReadHtmlCacheBehavior [ RunTime:0.001000s ]
INFO: [ app_begin ] --END-- [ RunTime:0.001000s ]
SQL: SHOW COLUMNS FROM `cp_auth_group_access` [ RunTime:0.0050s ]
SQL: SELECT `uid`,`group_id`,`title`,`rules` FROM cp_auth_group_access a INNER JOIN cp_auth_group g on a.group_id=g.id  WHERE ( a.uid='1' and g.status='1' )  [ RunTime:0.0050s ]
SQL: SHOW COLUMNS FROM `cp_auth_rule` [ RunTime:0.0060s ]
SQL: SELECT `condition`,`name` FROM `cp_auth_rule` WHERE `id` IN ('1','2','5','6','7','8','9','10','3','11','12','13','14','15','16','17','18','36','37','38','39','4','19','20','21','22','23','24','25','26','27','28','29','30','31','32','33','34','35','40') AND `status` = 1  [ RunTime:0.0060s ]
INFO: [ view_parse ] --START--
INFO: [ template_filter ] --START--
INFO: Run Behavior\ContentReplaceBehavior [ RunTime:0.001000s ]
INFO: [ template_filter ] --END-- [ RunTime:0.001000s ]
NOTIC: [8] Use of undefined constant session - assumed 'session' D:\phpstudy\WWW\api\Runtime\Cache\Admin\6c94cb95f2a1f15f1e2abf611a4ec209.php 第 43 行.
NOTIC: [8] Undefined variable: Think D:\phpstudy\WWW\api\Runtime\Cache\Admin\6c94cb95f2a1f15f1e2abf611a4ec209.php 第 43 行.
NOTIC: [8] Use of undefined constant admin_user - assumed 'admin_user' D:\phpstudy\WWW\api\Runtime\Cache\Admin\6c94cb95f2a1f15f1e2abf611a4ec209.php 第 43 行.
NOTIC: [8] Use of undefined constant face - assumed 'face' D:\phpstudy\WWW\api\Runtime\Cache\Admin\6c94cb95f2a1f15f1e2abf611a4ec209.php 第 43 行.
INFO: Run Behavior\ParseTemplateBehavior [ RunTime:0.004000s ]
INFO: [ view_parse ] --END-- [ RunTime:0.004000s ]
INFO: [ view_filter ] --START--
INFO: Run Behavior\WriteHtmlCacheBehavior [ RunTime:0.001000s ]
INFO: [ view_filter ] --END-- [ RunTime:0.001000s ]

[ 2017-12-27T10:05:12+08:00 ] 127.0.0.1 /Admin/Users/editFace
INFO: [ app_init ] --START--
INFO: Run Behavior\BuildLiteBehavior [ RunTime:0.000000s ]
INFO: [ app_init ] --END-- [ RunTime:0.000000s ]
INFO: [ app_begin ] --START--
INFO: Run Behavior\ReadHtmlCacheBehavior [ RunTime:0.000000s ]
INFO: [ app_begin ] --END-- [ RunTime:0.000000s ]
SQL: SHOW COLUMNS FROM `cp_auth_group_access` [ RunTime:0.0060s ]
SQL: SELECT `uid`,`group_id`,`title`,`rules` FROM cp_auth_group_access a INNER JOIN cp_auth_group g on a.group_id=g.id  WHERE ( a.uid='1' and g.status='1' )  [ RunTime:0.0050s ]
SQL: SHOW COLUMNS FROM `cp_auth_rule` [ RunTime:0.0060s ]
SQL: SELECT `condition`,`name` FROM `cp_auth_rule` WHERE `id` IN ('1','2','5','6','7','8','9','10','3','11','12','13','14','15','16','17','18','36','37','38','39','4','19','20','21','22','23','24','25','26','27','28','29','30','31','32','33','34','35','40') AND `status` = 1  [ RunTime:0.0060s ]
INFO: [ view_parse ] --START--
INFO: [ template_filter ] --START--
INFO: Run Behavior\ContentReplaceBehavior [ RunTime:0.000000s ]
INFO: [ template_filter ] --END-- [ RunTime:0.000000s ]
NOTIC: [8] Use of undefined constant session - assumed 'session' D:\phpstudy\WWW\api\Runtime\Cache\Admin\6c94cb95f2a1f15f1e2abf611a4ec209.php 第 299 行.
NOTIC: [8] Undefined variable: Think D:\phpstudy\WWW\api\Runtime\Cache\Admin\6c94cb95f2a1f15f1e2abf611a4ec209.php 第 299 行.
NOTIC: [8] Use of undefined constant admin_user - assumed 'admin_user' D:\phpstudy\WWW\api\Runtime\Cache\Admin\6c94cb95f2a1f15f1e2abf611a4ec209.php 第 299 行.
NOTIC: [8] Use of undefined constant face - assumed 'face' D:\phpstudy\WWW\api\Runtime\Cache\Admin\6c94cb95f2a1f15f1e2abf611a4ec209.php 第 299 行.
INFO: Run Behavior\ParseTemplateBehavior [ RunTime:0.030001s ]
INFO: [ view_parse ] --END-- [ RunTime:0.030001s ]
INFO: [ view_filter ] --START--
INFO: Run Behavior\WriteHtmlCacheBehavior [ RunTime:0.001000s ]
INFO: [ view_filter ] --END-- [ RunTime:0.001000s ]
INFO: [ app_end ] --START--
INFO: Run Behavior\ShowPageTraceBehavior [ RunTime:0.000000s ]
INFO: [ app_end ] --END-- [ RunTime:0.000000s ]

[ 2017-12-27T10:05:16+08:00 ] 127.0.0.1 /Admin/Menu/Admin_menu
INFO: [ app_init ] --START--
INFO: Run Behavior\BuildLiteBehavior [ RunTime:0.000000s ]
INFO: [ app_init ] --END-- [ RunTime:0.001000s ]
INFO: [ app_begin ] --START--
INFO: Run Behavior\ReadHtmlCacheBehavior [ RunTime:0.002000s ]
INFO: [ app_begin ] --END-- [ RunTime:0.002000s ]
SQL: SHOW COLUMNS FROM `cp_auth_group_access` [ RunTime:0.0070s ]
SQL: SELECT `uid`,`group_id`,`title`,`rules` FROM cp_auth_group_access a INNER JOIN cp_auth_group g on a.group_id=g.id  WHERE ( a.uid='1' and g.status='1' )  [ RunTime:0.0060s ]
SQL: SHOW COLUMNS FROM `cp_auth_rule` [ RunTime:0.0060s ]
SQL: SELECT `condition`,`name` FROM `cp_auth_rule` WHERE `id` IN ('1','2','5','6','7','8','9','10','3','11','12','13','14','15','16','17','18','36','37','38','39','4','19','20','21','22','23','24','25','26','27','28','29','30','31','32','33','34','35','40') AND `status` = 1  [ RunTime:0.0070s ]
SQL: SHOW COLUMNS FROM `cp_users` [ RunTime:0.0070s ]
ERR: 非法操作:Admin_menu

[ 2017-12-27T10:05:18+08:00 ] 127.0.0.1 /Admin/Menu/Admin_menu
INFO: [ app_init ] --START--
INFO: Run Behavior\BuildLiteBehavior [ RunTime:0.000000s ]
INFO: [ app_init ] --END-- [ RunTime:0.000000s ]
INFO: [ app_begin ] --START--
INFO: Run Behavior\ReadHtmlCacheBehavior [ RunTime:0.000000s ]
INFO: [ app_begin ] --END-- [ RunTime:0.001000s ]
SQL: SHOW COLUMNS FROM `cp_auth_group_access` [ RunTime:0.0060s ]
SQL: SELECT `uid`,`group_id`,`title`,`rules` FROM cp_auth_group_access a INNER JOIN cp_auth_group g on a.group_id=g.id  WHERE ( a.uid='1' and g.status='1' )  [ RunTime:0.0050s ]
SQL: SHOW COLUMNS FROM `cp_auth_rule` [ RunTime:0.0060s ]
SQL: SELECT `condition`,`name` FROM `cp_auth_rule` WHERE `id` IN ('1','2','5','6','7','8','9','10','3','11','12','13','14','15','16','17','18','36','37','38','39','4','19','20','21','22','23','24','25','26','27','28','29','30','31','32','33','34','35','40') AND `status` = 1  [ RunTime:0.0050s ]
SQL: SHOW COLUMNS FROM `cp_users` [ RunTime:0.0050s ]
ERR: 非法操作:Admin_menu

[ 2017-12-27T10:05:25+08:00 ] 127.0.0.1 /Admin/Menu/home_menu
INFO: [ app_init ] --START--
INFO: Run Behavior\BuildLiteBehavior [ RunTime:0.000000s ]
INFO: [ app_init ] --END-- [ RunTime:0.001000s ]
INFO: [ app_begin ] --START--
INFO: Run Behavior\ReadHtmlCacheBehavior [ RunTime:0.000000s ]
INFO: [ app_begin ] --END-- [ RunTime:0.000000s ]
SQL: SHOW COLUMNS FROM `cp_auth_group_access` [ RunTime:0.0050s ]
SQL: SELECT `uid`,`group_id`,`title`,`rules` FROM cp_auth_group_access a INNER JOIN cp_auth_group g on a.group_id=g.id  WHERE ( a.uid='1' and g.status='1' )  [ RunTime:0.0040s ]
SQL: SHOW COLUMNS FROM `cp_auth_rule` [ RunTime:0.0050s ]
SQL: SELECT `condition`,`name` FROM `cp_auth_rule` WHERE `id` IN ('1','2','5','6','7','8','9','10','3','11','12','13','14','15','16','17','18','36','37','38','39','4','19','20','21','22','23','24','25','26','27','28','29','30','31','32','33','34','35','40') AND `status` = 1  [ RunTime:0.0050s ]
SQL: SHOW COLUMNS FROM `cp_users` [ RunTime:0.0060s ]
ERR: 非法操作:home_menu

[ 2017-12-27T10:06:26+08:00 ] 127.0.0.1 /Admin/Users/editFace
INFO: [ app_init ] --START--
INFO: Run Behavior\BuildLiteBehavior [ RunTime:0.000000s ]
INFO: [ app_init ] --END-- [ RunTime:0.000000s ]
INFO: [ app_begin ] --START--
INFO: Run Behavior\ReadHtmlCacheBehavior [ RunTime:0.000000s ]
INFO: [ app_begin ] --END-- [ RunTime:0.001000s ]
SQL: SHOW COLUMNS FROM `cp_auth_group_access` [ RunTime:0.0060s ]
SQL: SELECT `uid`,`group_id`,`title`,`rules` FROM cp_auth_group_access a INNER JOIN cp_auth_group g on a.group_id=g.id  WHERE ( a.uid='1' and g.status='1' )  [ RunTime:0.0060s ]
SQL: SHOW COLUMNS FROM `cp_auth_rule` [ RunTime:0.0060s ]
SQL: SELECT `condition`,`name` FROM `cp_auth_rule` WHERE `id` IN ('1','2','5','6','7','8','9','10','3','11','12','13','14','15','16','17','18','36','37','38','39','4','19','20','21','22','23','24','25','26','27','28','29','30','31','32','33','34','35','40') AND `status` = 1  [ RunTime:0.0060s ]
INFO: [ view_parse ] --START--
INFO: [ template_filter ] --START--
INFO: Run Behavior\ContentReplaceBehavior [ RunTime:0.000000s ]
INFO: [ template_filter ] --END-- [ RunTime:0.000000s ]
NOTIC: [8] Use of undefined constant session - assumed 'session' D:\phpstudy\WWW\api\Runtime\Cache\Admin\6c94cb95f2a1f15f1e2abf611a4ec209.php 第 299 行.
NOTIC: [8] Undefined variable: Think D:\phpstudy\WWW\api\Runtime\Cache\Admin\6c94cb95f2a1f15f1e2abf611a4ec209.php 第 299 行.
NOTIC: [8] Use of undefined constant admin_user - assumed 'admin_user' D:\phpstudy\WWW\api\Runtime\Cache\Admin\6c94cb95f2a1f15f1e2abf611a4ec209.php 第 299 行.
NOTIC: [8] Use of undefined constant face - assumed 'face' D:\phpstudy\WWW\api\Runtime\Cache\Admin\6c94cb95f2a1f15f1e2abf611a4ec209.php 第 299 行.
INFO: Run Behavior\ParseTemplateBehavior [ RunTime:0.010001s ]
INFO: [ view_parse ] --END-- [ RunTime:0.010001s ]
INFO: [ view_filter ] --START--
INFO: Run Behavior\WriteHtmlCacheBehavior [ RunTime:0.001000s ]
INFO: [ view_filter ] --END-- [ RunTime:0.001000s ]
INFO: [ app_end ] --START--
INFO: Run Behavior\ShowPageTraceBehavior [ RunTime:0.001000s ]
INFO: [ app_end ] --END-- [ RunTime:0.001000s ]

[ 2017-12-27T10:06:30+08:00 ] 127.0.0.1 /Admin/Contents/message
INFO: [ app_init ] --START--
INFO: Run Behavior\BuildLiteBehavior [ RunTime:0.000000s ]
INFO: [ app_init ] --END-- [ RunTime:0.001000s ]
INFO: [ app_begin ] --START--
INFO: Run Behavior\ReadHtmlCacheBehavior [ RunTime:0.001000s ]
INFO: [ app_begin ] --END-- [ RunTime:0.001000s ]
SQL: SHOW COLUMNS FROM `cp_auth_group_access` [ RunTime:0.0060s ]
SQL: SELECT `uid`,`group_id`,`title`,`rules` FROM cp_auth_group_access a INNER JOIN cp_auth_group g on a.group_id=g.id  WHERE ( a.uid='1' and g.status='1' )  [ RunTime:0.0050s ]
SQL: SHOW COLUMNS FROM `cp_auth_rule` [ RunTime:0.0060s ]
SQL: SELECT `condition`,`name` FROM `cp_auth_rule` WHERE `id` IN ('1','2','5','6','7','8','9','10','3','11','12','13','14','15','16','17','18','36','37','38','39','4','19','20','21','22','23','24','25','26','27','28','29','30','31','32','33','34','35','40') AND `status` = 1  [ RunTime:0.0050s ]
SQL: SHOW COLUMNS FROM `cp_users` [ RunTime:0.0050s ]
ERR: 模板不存在:./Template/Admin/Contents/message.html

[ 2017-12-27T10:06:39+08:00 ] 127.0.0.1 /Admin/Contents/message
INFO: [ app_init ] --START--
INFO: Run Behavior\BuildLiteBehavior [ RunTime:0.000000s ]
INFO: [ app_init ] --END-- [ RunTime:0.000000s ]
INFO: [ app_begin ] --START--
INFO: Run Behavior\ReadHtmlCacheBehavior [ RunTime:0.000000s ]
INFO: [ app_begin ] --END-- [ RunTime:0.001001s ]
SQL: SHOW COLUMNS FROM `cp_auth_group_access` [ RunTime:0.0060s ]
SQL: SELECT `uid`,`group_id`,`title`,`rules` FROM cp_auth_group_access a INNER JOIN cp_auth_group g on a.group_id=g.id  WHERE ( a.uid='1' and g.status='1' )  [ RunTime:0.0060s ]
SQL: SHOW COLUMNS FROM `cp_auth_rule` [ RunTime:0.0050s ]
SQL: SELECT `condition`,`name` FROM `cp_auth_rule` WHERE `id` IN ('1','2','5','6','7','8','9','10','3','11','12','13','14','15','16','17','18','36','37','38','39','4','19','20','21','22','23','24','25','26','27','28','29','30','31','32','33','34','35','40') AND `status` = 1  [ RunTime:0.0060s ]
SQL: SHOW COLUMNS FROM `cp_users` [ RunTime:0.0050s ]
ERR: 模板不存在:./Template/Admin/Contents/message.html

[ 2017-12-27T10:07:44+08:00 ] 127.0.0.1 /Admin/Users/editFace
INFO: [ app_init ] --START--
INFO: Run Behavior\BuildLiteBehavior [ RunTime:0.000000s ]
INFO: [ app_init ] --END-- [ RunTime:0.000000s ]
INFO: [ app_begin ] --START--
INFO: Run Behavior\ReadHtmlCacheBehavior [ RunTime:0.000000s ]
INFO: [ app_begin ] --END-- [ RunTime:0.000000s ]
SQL: SHOW COLUMNS FROM `cp_auth_group_access` [ RunTime:0.0050s ]
SQL: SELECT `uid`,`group_id`,`title`,`rules` FROM cp_auth_group_access a INNER JOIN cp_auth_group g on a.group_id=g.id  WHERE ( a.uid='1' and g.status='1' )  [ RunTime:0.0110s ]
SQL: SHOW COLUMNS FROM `cp_auth_rule` [ RunTime:0.0050s ]
SQL: SELECT `condition`,`name` FROM `cp_auth_rule` WHERE `id` IN ('1','2','5','6','7','8','9','10','3','11','12','13','14','15','16','17','18','36','37','38','39','4','19','20','21','22','23','24','25','26','27','28','29','30','31','32','33','34','35','40') AND `status` = 1  [ RunTime:0.0050s ]
INFO: [ view_parse ] --START--
INFO: [ template_filter ] --START--
INFO: Run Behavior\ContentReplaceBehavior [ RunTime:0.000000s ]
INFO: [ template_filter ] --END-- [ RunTime:0.001001s ]
NOTIC: [8] Use of undefined constant session - assumed 'session' D:\phpstudy\WWW\api\Runtime\Cache\Admin\6c94cb95f2a1f15f1e2abf611a4ec209.php 第 299 行.
NOTIC: [8] Undefined variable: Think D:\phpstudy\WWW\api\Runtime\Cache\Admin\6c94cb95f2a1f15f1e2abf611a4ec209.php 第 299 行.
NOTIC: [8] Use of undefined constant admin_user - assumed 'admin_user' D:\phpstudy\WWW\api\Runtime\Cache\Admin\6c94cb95f2a1f15f1e2abf611a4ec209.php 第 299 行.
NOTIC: [8] Use of undefined constant face - assumed 'face' D:\phpstudy\WWW\api\Runtime\Cache\Admin\6c94cb95f2a1f15f1e2abf611a4ec209.php 第 299 行.
INFO: Run Behavior\ParseTemplateBehavior [ RunTime:0.009001s ]
INFO: [ view_parse ] --END-- [ RunTime:0.009001s ]
INFO: [ view_filter ] --START--
INFO: Run Behavior\WriteHtmlCacheBehavior [ RunTime:0.001000s ]
INFO: [ view_filter ] --END-- [ RunTime:0.001000s ]
INFO: [ app_end ] --START--
INFO: Run Behavior\ShowPageTraceBehavior [ RunTime:0.000000s ]
INFO: [ app_end ] --END-- [ RunTime:0.000000s ]

