[ 2017-12-28T11:44:49+08:00 ] 127.0.0.1 /Admin
INFO: [ app_init ] --START--
INFO: Run Behavior\BuildLiteBehavior [ RunTime:0.000000s ]
INFO: [ app_init ] --END-- [ RunTime:0.000000s ]
INFO: [ app_begin ] --START--
INFO: Run Behavior\ReadHtmlCacheBehavior [ RunTime:0.001000s ]
INFO: [ app_begin ] --END-- [ RunTime:0.001000s ]
NOTIC: [8] Undefined index: admin_user D:\phpstudy\WWW\api\App\Admin\Controller\AdminBaseController.class.php 第 10 行.

[ 2017-12-28T11:44:49+08:00 ] 127.0.0.1 /Admin/login/index
INFO: [ app_init ] --START--
INFO: Run Behavior\BuildLiteBehavior [ RunTime:0.000000s ]
INFO: [ app_init ] --END-- [ RunTime:0.000000s ]
INFO: [ app_begin ] --START--
INFO: Run Behavior\ReadHtmlCacheBehavior [ RunTime:0.000000s ]
INFO: [ app_begin ] --END-- [ RunTime:0.000000s ]
INFO: [ view_parse ] --START--
INFO: [ template_filter ] --START--
INFO: Run Behavior\ContentReplaceBehavior [ RunTime:0.000000s ]
INFO: [ template_filter ] --END-- [ RunTime:0.000000s ]
INFO: Run Behavior\ParseTemplateBehavior [ RunTime:0.029002s ]
INFO: [ view_parse ] --END-- [ RunTime:0.029002s ]
INFO: [ view_filter ] --START--
INFO: Run Behavior\WriteHtmlCacheBehavior [ RunTime:0.000000s ]
INFO: [ view_filter ] --END-- [ RunTime:0.000000s ]
INFO: [ app_end ] --START--
INFO: Run Behavior\ShowPageTraceBehavior [ RunTime:0.001000s ]
INFO: [ app_end ] --END-- [ RunTime:0.001000s ]

[ 2017-12-28T11:44:52+08:00 ] 127.0.0.1 /Admin/login/send_login
INFO: [ app_init ] --START--
INFO: Run Behavior\BuildLiteBehavior [ RunTime:0.000000s ]
INFO: [ app_init ] --END-- [ RunTime:0.002000s ]
INFO: [ app_begin ] --START--
INFO: Run Behavior\ReadHtmlCacheBehavior [ RunTime:0.001000s ]
INFO: [ app_begin ] --END-- [ RunTime:0.001000s ]
SQL: SHOW COLUMNS FROM `cp_users` [ RunTime:0.0050s ]
SQL: SELECT * FROM `cp_users` WHERE `uname` = 'admin' AND `user_type` = 1 LIMIT 1   [ RunTime:0.0050s ]
SQL: UPDATE `cp_users` SET `last_login_ip`='127.0.0.1',`last_login_time`='1514432692' WHERE `uname` = 'admin' AND `user_type` = 1 [ RunTime:0.0050s ]

[ 2017-12-28T11:44:52+08:00 ] 127.0.0.1 /Admin
INFO: [ app_init ] --START--
INFO: Run Behavior\BuildLiteBehavior [ RunTime:0.000000s ]
INFO: [ app_init ] --END-- [ RunTime:0.001000s ]
INFO: [ app_begin ] --START--
INFO: Run Behavior\ReadHtmlCacheBehavior [ RunTime:0.001000s ]
INFO: [ app_begin ] --END-- [ RunTime:0.001000s ]
SQL: SHOW COLUMNS FROM `cp_auth_group_access` [ RunTime:0.0060s ]
SQL: SELECT `uid`,`group_id`,`title`,`rules` FROM cp_auth_group_access a INNER JOIN cp_auth_group g on a.group_id=g.id  WHERE ( a.uid='1' and g.status='1' )  [ RunTime:0.0060s ]
SQL: SHOW COLUMNS FROM `cp_auth_rule` [ RunTime:0.0060s ]
SQL: SELECT `condition`,`name` FROM `cp_auth_rule` WHERE `id` IN ('1','2','5','6','7','8','9','10','3','11','12','13','14','15','16','17','18','36','37','38','39','4','19','20','21','22','23','24','25','26','27','28','29','30','31','32','33','34','35','40') AND `status` = 1  [ RunTime:0.0060s ]
SQL: SHOW COLUMNS FROM `cp_auth_group_access` [ RunTime:0.0060s ]
SQL: SELECT `title` FROM cp_auth_group_access aga LEFT JOIN cp_auth_group ag ON aga.group_id=ag.id  WHERE aga.uid = '1' LIMIT 1   [ RunTime:0.0060s ]
SQL: select version() as ver [ RunTime:0.0060s ]
INFO: [ view_parse ] --START--
INFO: [ template_filter ] --START--
INFO: Run Behavior\ContentReplaceBehavior [ RunTime:0.000000s ]
INFO: [ template_filter ] --END-- [ RunTime:0.001000s ]
SQL: SHOW COLUMNS FROM `cp_users` [ RunTime:0.0060s ]
SQL: SELECT * FROM `cp_users` WHERE `uid` = 1 AND `user_type` = 1 LIMIT 1   [ RunTime:0.0060s ]
SQL: SELECT COUNT(*) AS tp_count FROM `cp_users` LIMIT 1   [ RunTime:0.0050s ]
INFO: Run Behavior\ParseTemplateBehavior [ RunTime:0.053003s ]
INFO: [ view_parse ] --END-- [ RunTime:0.053003s ]
INFO: [ view_filter ] --START--
INFO: Run Behavior\WriteHtmlCacheBehavior [ RunTime:0.000000s ]
INFO: [ view_filter ] --END-- [ RunTime:0.000000s ]
INFO: [ app_end ] --START--
INFO: Run Behavior\ShowPageTraceBehavior [ RunTime:0.001000s ]
INFO: [ app_end ] --END-- [ RunTime:0.001000s ]

[ 2017-12-28T11:44:58+08:00 ] 127.0.0.1 /Admin/Contents/tags
INFO: [ app_init ] --START--
INFO: Run Behavior\BuildLiteBehavior [ RunTime:0.000000s ]
INFO: [ app_init ] --END-- [ RunTime:0.001000s ]
INFO: [ app_begin ] --START--
INFO: Run Behavior\ReadHtmlCacheBehavior [ RunTime:0.002000s ]
INFO: [ app_begin ] --END-- [ RunTime:0.002000s ]
SQL: SHOW COLUMNS FROM `cp_auth_group_access` [ RunTime:0.0050s ]
SQL: SELECT `uid`,`group_id`,`title`,`rules` FROM cp_auth_group_access a INNER JOIN cp_auth_group g on a.group_id=g.id  WHERE ( a.uid='1' and g.status='1' )  [ RunTime:0.0050s ]
SQL: SHOW COLUMNS FROM `cp_auth_rule` [ RunTime:0.0060s ]
SQL: SELECT `condition`,`name` FROM `cp_auth_rule` WHERE `id` IN ('1','2','5','6','7','8','9','10','3','11','12','13','14','15','16','17','18','36','37','38','39','4','19','20','21','22','23','24','25','26','27','28','29','30','31','32','33','34','35','40') AND `status` = 1  [ RunTime:0.0060s ]
SQL: SHOW COLUMNS FROM `cp_tags` [ RunTime:0.0060s ]
SQL: SELECT COUNT(*) AS tp_count FROM `cp_tags` LIMIT 1   [ RunTime:0.0060s ]
SQL: SELECT * FROM `cp_tags` ORDER BY tid ASC LIMIT 0,5   [ RunTime:0.0050s ]
INFO: [ view_parse ] --START--
INFO: [ template_filter ] --START--
INFO: Run Behavior\ContentReplaceBehavior [ RunTime:0.000000s ]
INFO: [ template_filter ] --END-- [ RunTime:0.000000s ]
INFO: Run Behavior\ParseTemplateBehavior [ RunTime:0.019001s ]
INFO: [ view_parse ] --END-- [ RunTime:0.019001s ]
INFO: [ view_filter ] --START--
INFO: Run Behavior\WriteHtmlCacheBehavior [ RunTime:0.001000s ]
INFO: [ view_filter ] --END-- [ RunTime:0.001000s ]

[ 2017-12-28T11:44:59+08:00 ] 127.0.0.1 /Admin/Contents/add_tags
INFO: [ app_init ] --START--
INFO: Run Behavior\BuildLiteBehavior [ RunTime:0.000000s ]
INFO: [ app_init ] --END-- [ RunTime:0.001001s ]
INFO: [ app_begin ] --START--
INFO: Run Behavior\ReadHtmlCacheBehavior [ RunTime:0.001000s ]
INFO: [ app_begin ] --END-- [ RunTime:0.001000s ]
SQL: SHOW COLUMNS FROM `cp_auth_group_access` [ RunTime:0.0050s ]
SQL: SELECT `uid`,`group_id`,`title`,`rules` FROM cp_auth_group_access a INNER JOIN cp_auth_group g on a.group_id=g.id  WHERE ( a.uid='1' and g.status='1' )  [ RunTime:0.0050s ]
SQL: SHOW COLUMNS FROM `cp_auth_rule` [ RunTime:0.0050s ]
SQL: SELECT `condition`,`name` FROM `cp_auth_rule` WHERE `id` IN ('1','2','5','6','7','8','9','10','3','11','12','13','14','15','16','17','18','36','37','38','39','4','19','20','21','22','23','24','25','26','27','28','29','30','31','32','33','34','35','40') AND `status` = 1  [ RunTime:0.0050s ]
SQL: SHOW COLUMNS FROM `cp_users` [ RunTime:0.0050s ]
SQL: SHOW COLUMNS FROM `cp_tags` [ RunTime:0.0050s ]
INFO: [ view_parse ] --START--
INFO: [ template_filter ] --START--
INFO: Run Behavior\ContentReplaceBehavior [ RunTime:0.000000s ]
INFO: [ template_filter ] --END-- [ RunTime:0.000000s ]
INFO: Run Behavior\ParseTemplateBehavior [ RunTime:0.006001s ]
INFO: [ view_parse ] --END-- [ RunTime:0.006001s ]
INFO: [ view_filter ] --START--
INFO: Run Behavior\WriteHtmlCacheBehavior [ RunTime:0.001000s ]
INFO: [ view_filter ] --END-- [ RunTime:0.001000s ]

[ 2017-12-28T11:45:05+08:00 ] 127.0.0.1 /Admin/Users/editFace
INFO: [ app_init ] --START--
INFO: Run Behavior\BuildLiteBehavior [ RunTime:0.000000s ]
INFO: [ app_init ] --END-- [ RunTime:0.001000s ]
INFO: [ app_begin ] --START--
INFO: Run Behavior\ReadHtmlCacheBehavior [ RunTime:0.001000s ]
INFO: [ app_begin ] --END-- [ RunTime:0.001000s ]
SQL: SHOW COLUMNS FROM `cp_auth_group_access` [ RunTime:0.0050s ]
SQL: SELECT `uid`,`group_id`,`title`,`rules` FROM cp_auth_group_access a INNER JOIN cp_auth_group g on a.group_id=g.id  WHERE ( a.uid='1' and g.status='1' )  [ RunTime:0.0050s ]
SQL: SHOW COLUMNS FROM `cp_auth_rule` [ RunTime:0.0050s ]
SQL: SELECT `condition`,`name` FROM `cp_auth_rule` WHERE `id` IN ('1','2','5','6','7','8','9','10','3','11','12','13','14','15','16','17','18','36','37','38','39','4','19','20','21','22','23','24','25','26','27','28','29','30','31','32','33','34','35','40') AND `status` = 1  [ RunTime:0.0050s ]
INFO: [ view_parse ] --START--
INFO: [ template_filter ] --START--
INFO: Run Behavior\ContentReplaceBehavior [ RunTime:0.000000s ]
INFO: [ template_filter ] --END-- [ RunTime:0.000000s ]
NOTIC: [8] Use of undefined constant session - assumed 'session' D:\phpstudy\WWW\api\Runtime\Cache\Admin\6c94cb95f2a1f15f1e2abf611a4ec209.php 第 43 行.
NOTIC: [8] Undefined variable: Think D:\phpstudy\WWW\api\Runtime\Cache\Admin\6c94cb95f2a1f15f1e2abf611a4ec209.php 第 43 行.
NOTIC: [8] Use of undefined constant admin_user - assumed 'admin_user' D:\phpstudy\WWW\api\Runtime\Cache\Admin\6c94cb95f2a1f15f1e2abf611a4ec209.php 第 43 行.
NOTIC: [8] Use of undefined constant face - assumed 'face' D:\phpstudy\WWW\api\Runtime\Cache\Admin\6c94cb95f2a1f15f1e2abf611a4ec209.php 第 43 行.
INFO: Run Behavior\ParseTemplateBehavior [ RunTime:0.021001s ]
INFO: [ view_parse ] --END-- [ RunTime:0.021001s ]
INFO: [ view_filter ] --START--
INFO: Run Behavior\WriteHtmlCacheBehavior [ RunTime:0.001000s ]
INFO: [ view_filter ] --END-- [ RunTime:0.001000s ]

[ 2017-12-28T11:45:08+08:00 ] 127.0.0.1 /Admin/Users/send_FaceUpload
INFO: [ app_init ] --START--
INFO: Run Behavior\BuildLiteBehavior [ RunTime:0.000000s ]
INFO: [ app_init ] --END-- [ RunTime:0.000000s ]
INFO: [ app_begin ] --START--
INFO: Run Behavior\ReadHtmlCacheBehavior [ RunTime:0.001000s ]
INFO: [ app_begin ] --END-- [ RunTime:0.001000s ]
SQL: SHOW COLUMNS FROM `cp_auth_group_access` [ RunTime:0.0060s ]
SQL: SELECT `uid`,`group_id`,`title`,`rules` FROM cp_auth_group_access a INNER JOIN cp_auth_group g on a.group_id=g.id  WHERE ( a.uid='1' and g.status='1' )  [ RunTime:0.0050s ]
SQL: SHOW COLUMNS FROM `cp_auth_rule` [ RunTime:0.0050s ]
SQL: SELECT `condition`,`name` FROM `cp_auth_rule` WHERE `id` IN ('1','2','5','6','7','8','9','10','3','11','12','13','14','15','16','17','18','36','37','38','39','4','19','20','21','22','23','24','25','26','27','28','29','30','31','32','33','34','35','40') AND `status` = 1  [ RunTime:0.0060s ]
NOTIC: [2] call_user_func() expects parameter 1 to be a valid callback, no array or string given D:\phpstudy\WWW\api\ThinkPHP\Library\Think\Upload.class.php 第 170 行.
SQL: SHOW COLUMNS FROM `cp_users` [ RunTime:0.0060s ]
SQL: UPDATE `cp_users` SET `face`='/Uploads/Face/2017-12-28/face_20171228114508.jpg' WHERE `uid` = 1 AND `user_type` = 1 [ RunTime:0.0050s ]

