[ 2018-01-05T10:13:25+08:00 ] 127.0.0.1 /Api/Oauth/login/type/sina.html
INFO: [ app_init ] --START--
INFO: Run Behavior\BuildLiteBehavior [ RunTime:0.000000s ]
INFO: [ app_init ] --END-- [ RunTime:0.001000s ]
INFO: [ app_begin ] --START--
INFO: Run Behavior\ReadHtmlCacheBehavior [ RunTime:0.001000s ]
INFO: [ app_begin ] --END-- [ RunTime:0.001000s ]
NOTIC: [8] Undefined index: user D:\phpstudy\WWW\api\App\Common\Controller\HomebaseController.class.php 第 10 行.
ERR: 请配置您申请的APP_KEY和APP_SECRET

[ 2018-01-05T10:13:25+08:00 ] 127.0.0.1 /Api/Oauth/login/type/qq.html
INFO: [ app_init ] --START--
INFO: Run Behavior\BuildLiteBehavior [ RunTime:0.000000s ]
INFO: [ app_init ] --END-- [ RunTime:0.001000s ]
INFO: [ app_begin ] --START--
INFO: Run Behavior\ReadHtmlCacheBehavior [ RunTime:0.001000s ]
INFO: [ app_begin ] --END-- [ RunTime:0.002000s ]
NOTIC: [8] Undefined index: user D:\phpstudy\WWW\api\App\Common\Controller\HomebaseController.class.php 第 10 行.
ERR: 请配置您申请的APP_KEY和APP_SECRET

[ 2018-01-05T10:16:46+08:00 ] 127.0.0.1 /Api/Oauth/login/type/qq.html
INFO: [ app_init ] --START--
INFO: Run Behavior\BuildLiteBehavior [ RunTime:0.000000s ]
INFO: [ app_init ] --END-- [ RunTime:0.001000s ]
INFO: [ app_begin ] --START--
INFO: Run Behavior\ReadHtmlCacheBehavior [ RunTime:0.001000s ]
INFO: [ app_begin ] --END-- [ RunTime:0.001000s ]
NOTIC: [8] Undefined index: user D:\phpstudy\WWW\api\App\Common\Controller\HomebaseController.class.php 第 10 行.
ERR: 请配置您申请的APP_KEY和APP_SECRET

[ 2018-01-05T10:17:12+08:00 ] 127.0.0.1 /Api/Oauth/login/type/qq.html
INFO: [ app_init ] --START--
INFO: Run Behavior\BuildLiteBehavior [ RunTime:0.000000s ]
INFO: [ app_init ] --END-- [ RunTime:0.001000s ]
INFO: [ app_begin ] --START--
INFO: Run Behavior\ReadHtmlCacheBehavior [ RunTime:0.000000s ]
INFO: [ app_begin ] --END-- [ RunTime:0.000000s ]
NOTIC: [8] Undefined index: user D:\phpstudy\WWW\api\App\Common\Controller\HomebaseController.class.php 第 10 行.
ERR: 请配置您申请的APP_KEY和APP_SECRET

[ 2018-01-05T10:17:14+08:00 ] 127.0.0.1 /Api/Oauth/login/type/sina.html
INFO: [ app_init ] --START--
INFO: Run Behavior\BuildLiteBehavior [ RunTime:0.000000s ]
INFO: [ app_init ] --END-- [ RunTime:0.001000s ]
INFO: [ app_begin ] --START--
INFO: Run Behavior\ReadHtmlCacheBehavior [ RunTime:0.000000s ]
INFO: [ app_begin ] --END-- [ RunTime:0.001000s ]
NOTIC: [8] Undefined index: user D:\phpstudy\WWW\api\App\Common\Controller\HomebaseController.class.php 第 10 行.
ERR: 请配置您申请的APP_KEY和APP_SECRET

